19:27:51.972 [main                     ] DEBUG Logger               - Configured Logger
19:27:51.987 [main                     ] DEBUG GameApplication      - Logging settings
Title: Asteroids
Version: 0.1
Width: 1200
Height: 800
Fullscreen: false
Intro: false
Profiling: false
Single step:false
App Mode: DEVELOPER
Menu Key: ESCAPE
Stage Style: DECORATED
Scene Factory: class com.almasb.fxgl.app.scene.SceneFactory

19:27:52.310 [JavaFX Application Thread] DEBUG FXGLApplication      - Initializing FXGL
19:27:52.315 [JavaFX Application Thread] INFO  Engine               - FXGL-17.1 (24.03.2022 17.34) on WINDOWS (J:19.0.2 FX:19-ea)
19:27:52.315 [JavaFX Application Thread] DEBUG Engine               - JRE Vendor Name: Oracle Corporation
19:27:52.315 [JavaFX Application Thread] DEBUG Engine               - Running on OS: Windows 10 version 10.0
19:27:52.315 [JavaFX Application Thread] DEBUG Engine               - Architecture: amd64
19:27:52.316 [JavaFX Application Thread] INFO  Engine               - Source code and latest versions at: https://github.com/AlmasB/FXGL
19:27:52.316 [JavaFX Application Thread] INFO  Engine               -       Ask questions and discuss at: https://github.com/AlmasB/FXGL/discussions
19:27:52.316 [JavaFX Application Thread] INFO  Engine               -              Join the FXGL chat at: https://gitter.im/AlmasB/FXGL
19:27:52.389 [JavaFX Application Thread] DEBUG PrimaryStageWindow   - Creating a JavaFX scene
19:27:52.421 [JavaFX Application Thread] DEBUG PrimaryStageWindow   - Target settings size: 1200.0 x 800.0
19:27:52.421 [JavaFX Application Thread] DEBUG PrimaryStageWindow   - Scaled scene size:    1200.0 x 800.0
19:27:52.421 [JavaFX Application Thread] DEBUG PrimaryStageWindow   - Scaled ratio: (1.0, 1.0)
19:27:52.422 [JavaFX Application Thread] DEBUG PrimaryStageWindow   - Set initial scene to FXGLStartupScene
19:27:52.427 [JavaFX Application Thread] DEBUG PrimaryStageWindow   - Opening main window
19:27:52.486 [JavaFX Application Thread] DEBUG PrimaryStageWindow   - Window border size: (16.0, 39.0)
19:27:52.486 [JavaFX Application Thread] DEBUG PrimaryStageWindow   - Scaled size: 1200.0 x 800.0
19:27:52.486 [JavaFX Application Thread] DEBUG PrimaryStageWindow   - Scaled ratio: (1.0, 1.0)
19:27:52.486 [JavaFX Application Thread] DEBUG PrimaryStageWindow   - Scene size: 1200.0 x 800.0
19:27:52.486 [JavaFX Application Thread] DEBUG PrimaryStageWindow   - Stage size: 1216.0 x 839.0
19:27:52.492 [FXGL Background Thread 1 ] DEBUG Engine               - Initializing environment variables
19:27:52.535 [FXGL Background Thread 1 ] DEBUG FXGLAssetLoaderServi - User app class for loading assets: class com.example.arcadestation.AsteroidsGame
19:27:52.535 [FXGL Background Thread 1 ] DEBUG GameApplicationServi - Applying CSS: fxgl_dark.css
19:27:52.536 [FXGL Background Thread 1 ] DEBUG FXGLAssetLoaderServi - Loading from file system: jar:file:///C:/Users/Andrea/.m2/repository/com/github/almasb/fxgl/17.1/fxgl-17.1.jar!/fxglassets/ui/css/fxgl_dark.css
19:27:52.573 [FXGL Background Thread 1 ] DEBUG GameApplicationServi - Initializing application scenes
19:27:52.632 [FXGL Background Thread 1 ] DEBUG GameWorld            - Game world initialized
19:27:52.677 [FXGL Background Thread 1 ] DEBUG PhysicsWorld         - Physics world initialized: appHeight=800, physics.ppm=50,0
19:27:52.677 [FXGL Background Thread 1 ] DEBUG PhysicsWorld         - Using strategy: BRUTE_FORCE
19:27:52.682 [FXGL Background Thread 1 ] DEBUG GameScene            - Game scene initialized: 1200x800
19:27:52.691 [FXGL Background Thread 1 ] DEBUG FXGL.DefaultMenu     - createMenuBodyGameMenu()
19:27:52.700 [FXGL Background Thread 1 ] DEBUG FXGL.DefaultMenu     - createOptionsMenu()
19:27:52.708 [FXGL Background Thread 1 ] DEBUG FXGLAssetLoaderServi - Loading from file system: jar:file:///C:/Users/Andrea/.m2/repository/com/github/almasb/fxgl/17.1/fxgl-17.1.jar!/fxglassets/textures/particles/smoke.png
19:27:52.767 [FXGL Background Thread 1 ] DEBUG FXGLAssetLoaderServi - Loading from file system: jar:file:///C:/Users/Andrea/.m2/repository/com/github/almasb/fxgl/17.1/fxgl-17.1.jar!/fxglassets/textures/particles/trace_horizontal.png
19:27:52.803 [FXGL Background Thread 1 ] DEBUG GameApplicationServi - Application scenes initialized
19:27:52.817 [FXGL Background Thread 1 ] DEBUG SystemBundleService  - Loading FXGL system data
19:27:52.823 [FXGL Background Thread 1 ] DEBUG FileSystemAccess     - Reading from: W:\Programmazione\Java\Apps\ArcadeStation\ArcadeStation\system\fxgl.bundle
19:27:52.833 [FXGL Background Thread 1 ] DEBUG SystemBundleService  - Bundle FXGL: {}
19:27:52.833 [FXGL Background Thread 1 ] DEBUG UpdaterService       - Checking for updates
19:27:52.837 [FXGL Background Thread 1 ] DEBUG FXGLApplication      - Loading default localization
19:27:52.838 [FXGL Background Thread 1 ] DEBUG FXGLAssetLoaderServi - Loading from file system: jar:file:///C:/Users/Andrea/.m2/repository/com/github/almasb/fxgl/17.1/fxgl-17.1.jar!/fxglassets/languages/english.lang
19:27:52.843 [FXGL Background Thread 4 ] DEBUG FXGLApplication      - Loading fonts
19:27:52.844 [FXGL Background Thread 4 ] DEBUG FXGLAssetLoaderServi - Loading from file system: jar:file:///C:/Users/Andrea/.m2/repository/com/github/almasb/fxgl/17.1/fxgl-17.1.jar!/fxglassets/ui/fonts/VarelaRound-Regular.ttf
19:27:52.868 [FXGL Background Thread 1 ] INFO  FXGLApplication      - FXGL initialization took: 0,375 sec
19:27:52.876 [JavaFX Application Thread] DEBUG Input                - Registered new binding: action0 - W
19:27:52.876 [JavaFX Application Thread] DEBUG Input                - Registered new binding: action1 - A
19:27:52.876 [JavaFX Application Thread] DEBUG Input                - Registered new binding: action2 - S
19:27:52.877 [JavaFX Application Thread] DEBUG Input                - Registered new binding: action3 - D
19:27:52.877 [JavaFX Application Thread] DEBUG FXGLAssetLoaderServi - Loading from file system: jar:file:///C:/Users/Andrea/.m2/repository/com/github/almasb/fxgl/17.1/fxgl-17.1.jar!/fxglassets/textures/fxgl_icon.png
19:27:52.892 [JavaFX Application Thread] DEBUG FXGLAssetLoaderServi - Loading from file system: jar:file:///C:/Users/Andrea/.m2/repository/com/github/almasb/fxgl/17.1/fxgl-17.1.jar!/fxglassets/textures/fxgl_default_cursor.png
19:27:52.893 [JavaFX Application Thread] DEBUG Input                - Registered new binding: Screenshot - CTRL+8
19:27:52.894 [JavaFX Application Thread] DEBUG Input                - Registered new binding: System info dump - CTRL+9
19:27:52.894 [JavaFX Application Thread] DEBUG Input                - Registered new binding: Restart - CTRL+R
19:27:52.896 [JavaFX Application Thread] DEBUG Input                - Registered new binding: Toggle Debug Camera - CTRL+7
19:27:52.897 [JavaFX Application Thread] DEBUG LoopRunner           - Starting loop
19:27:52.897 [JavaFX Application Thread] DEBUG LoopRunner           - Initializing JavaFX AnimationTimerLoop
19:27:52.898 [JavaFX Application Thread] DEBUG GameApplicationServi - Starting new game
19:27:52.898 [JavaFX Application Thread] DEBUG Input                - Clearing active input actions
19:27:52.907 [JavaFX Application Thread] DEBUG GameApplicationServi - Removing overlay from FXGLStartupScene and adding to FXGLLoadingScene
19:27:52.907 [JavaFX Application Thread] DEBUG PrimaryStageWindow   - FXGLStartupScene -> FXGLLoadingScene
19:27:52.907 [JavaFX Application Thread] DEBUG GameApplicationServi - Clearing previous game
19:27:52.907 [JavaFX Application Thread] DEBUG GameScene            - Clearing game scene
19:27:52.907 [JavaFX Application Thread] DEBUG GameWorld            - Clearing game world
19:27:52.907 [JavaFX Application Thread] DEBUG PhysicsWorld         - Clearing physics world
19:27:52.932 [FXGL Background Thread 1 ] DEBUG FXGLApplication      - Initializing game
19:27:52.938 [FXGL Background Thread 1 ] WARN  FXGLAssetLoaderServi - Asset "/assets/textures/Ship.png" was not found!
19:27:52.938 [FXGL Background Thread 1 ] WARN  FXGLAssetLoaderServi - Failed to load IMAGE
19:27:53.010 [FXGL Background Thread 1 ] WARN  GameWorld            - Entity is already attached to world
19:27:53.013 [FXGL Background Thread 4 ] DEBUG FXGLAssetLoaderServi - Loading from file system: jar:file:///C:/Users/Andrea/.m2/repository/com/github/almasb/fxgl/17.1/fxgl-17.1.jar!/fxglassets/ui/fonts/Abel-Regular.ttf
19:27:53.020 [FXGL Background Thread 1 ] INFO  FXGLApplication      - Game initialization took: 0,089 sec
19:27:53.027 [JavaFX Application Thread] DEBUG Input                - Clearing active input actions
19:27:53.032 [JavaFX Application Thread] DEBUG GameApplicationServi - Removing overlay from FXGLLoadingScene and adding to GameScene
19:27:53.032 [JavaFX Application Thread] DEBUG PrimaryStageWindow   - FXGLLoadingScene -> GameScene
19:27:53.036 [FXGL Background Thread 4 ] DEBUG FXGLAssetLoaderServi - Loading from file system: jar:file:///C:/Users/Andrea/.m2/repository/com/github/almasb/fxgl/17.1/fxgl-17.1.jar!/fxglassets/ui/fonts/TerminalLandMono-Regular.otf
19:27:53.047 [FXGL Background Thread 4 ] DEBUG FXGLAssetLoaderServi - Loading from file system: jar:file:///C:/Users/Andrea/.m2/repository/com/github/almasb/fxgl/17.1/fxgl-17.1.jar!/fxglassets/ui/fonts/Courier-Prime.ttf
19:27:53.057 [JavaFX Application Thread] DEBUG FXGLApplication      - Registering font factories with UI factory
19:27:53.196 [FXGL Background Thread 2 ] INFO  UpdaterService       - Your current version:  17.1
19:27:53.196 [FXGL Background Thread 2 ] INFO  UpdaterService       - Latest stable version: 17.3
19:27:54.659 [JavaFX Application Thread] DEBUG FXGLApplication      - Exiting FXGL
19:27:54.659 [JavaFX Application Thread] DEBUG LoopRunner           - Stopping loop
19:27:54.659 [JavaFX Application Thread] DEBUG SystemBundleService  - Saving FXGL system data
19:27:54.660 [JavaFX Application Thread] DEBUG FileSystemAccess     - Writing to: W:\Programmazione\Java\Apps\ArcadeStation\ArcadeStation\system\fxgl.bundle
19:27:54.662 [JavaFX Application Thread] DEBUG Async                - Shutting down background threads
19:27:54.662 [JavaFX Application Thread] DEBUG PrimaryStageWindow   - Closing main window
19:27:54.674 [JavaFX Application Thread] DEBUG Logger               - Closing Logger
