15:27:57.517 [main                     ] DEBUG Logger               - Configured Logger
15:27:57.541 [main                     ] DEBUG GameApplication      - Logging settings
Title: Asteroids
Version: 0.1
Width: 1200
Height: 800
Fullscreen: false
Intro: false
Profiling: false
Single step:false
App Mode: DEVELOPER
Menu Key: ESCAPE
Stage Style: DECORATED
Scene Factory: class com.almasb.fxgl.app.scene.SceneFactory

15:27:57.889 [JavaFX Application Thread] DEBUG FXGLApplication      - Initializing FXGL
15:27:57.892 [JavaFX Application Thread] INFO  Engine               - FXGL-17.1 (24.03.2022 17.34) on WINDOWS (J:19.0.2 FX:19-ea)
15:27:57.893 [JavaFX Application Thread] DEBUG Engine               - JRE Vendor Name: Oracle Corporation
15:27:57.893 [JavaFX Application Thread] DEBUG Engine               - Running on OS: Windows 10 version 10.0
15:27:57.893 [JavaFX Application Thread] DEBUG Engine               - Architecture: amd64
15:27:57.893 [JavaFX Application Thread] INFO  Engine               - Source code and latest versions at: https://github.com/AlmasB/FXGL
15:27:57.893 [JavaFX Application Thread] INFO  Engine               -       Ask questions and discuss at: https://github.com/AlmasB/FXGL/discussions
15:27:57.893 [JavaFX Application Thread] INFO  Engine               -              Join the FXGL chat at: https://gitter.im/AlmasB/FXGL
15:27:57.962 [JavaFX Application Thread] DEBUG PrimaryStageWindow   - Creating a JavaFX scene
15:27:58.023 [JavaFX Application Thread] DEBUG PrimaryStageWindow   - Target settings size: 1200.0 x 800.0
15:27:58.024 [JavaFX Application Thread] DEBUG PrimaryStageWindow   - Scaled scene size:    1200.0 x 800.0
15:27:58.024 [JavaFX Application Thread] DEBUG PrimaryStageWindow   - Scaled ratio: (1.0, 1.0)
15:27:58.025 [JavaFX Application Thread] DEBUG PrimaryStageWindow   - Set initial scene to FXGLStartupScene
15:27:58.032 [JavaFX Application Thread] DEBUG PrimaryStageWindow   - Opening main window
15:27:58.120 [JavaFX Application Thread] DEBUG PrimaryStageWindow   - Window border size: (16.0, 39.0)
15:27:58.120 [JavaFX Application Thread] DEBUG PrimaryStageWindow   - Scaled size: 1200.0 x 800.0
15:27:58.120 [JavaFX Application Thread] DEBUG PrimaryStageWindow   - Scaled ratio: (1.0, 1.0)
15:27:58.120 [JavaFX Application Thread] DEBUG PrimaryStageWindow   - Scene size: 1200.0 x 800.0
15:27:58.121 [JavaFX Application Thread] DEBUG PrimaryStageWindow   - Stage size: 1216.0 x 839.0
15:27:58.129 [FXGL Background Thread 1 ] DEBUG Engine               - Initializing environment variables
15:27:58.174 [FXGL Background Thread 1 ] DEBUG FXGLAssetLoaderServi - User app class for loading assets: class com.example.arcadestation.AsteroidsGame
15:27:58.175 [FXGL Background Thread 1 ] DEBUG GameApplicationServi - Applying CSS: fxgl_dark.css
15:27:58.175 [FXGL Background Thread 1 ] DEBUG FXGLAssetLoaderServi - Loading from file system: jar:file:///C:/Users/Andrea/.m2/repository/com/github/almasb/fxgl/17.1/fxgl-17.1.jar!/fxglassets/ui/css/fxgl_dark.css
15:27:58.209 [FXGL Background Thread 1 ] DEBUG GameApplicationServi - Initializing application scenes
15:27:58.291 [FXGL Background Thread 1 ] DEBUG GameWorld            - Game world initialized
15:27:58.344 [FXGL Background Thread 1 ] DEBUG PhysicsWorld         - Physics world initialized: appHeight=800, physics.ppm=50,0
15:27:58.344 [FXGL Background Thread 1 ] DEBUG PhysicsWorld         - Using strategy: BRUTE_FORCE
15:27:58.347 [FXGL Background Thread 1 ] DEBUG GameScene            - Game scene initialized: 1200x800
15:27:58.355 [FXGL Background Thread 1 ] DEBUG FXGL.DefaultMenu     - createMenuBodyGameMenu()
15:27:58.366 [FXGL Background Thread 1 ] DEBUG FXGL.DefaultMenu     - createOptionsMenu()
15:27:58.378 [FXGL Background Thread 1 ] DEBUG FXGLAssetLoaderServi - Loading from file system: jar:file:///C:/Users/Andrea/.m2/repository/com/github/almasb/fxgl/17.1/fxgl-17.1.jar!/fxglassets/textures/particles/smoke.png
15:27:58.458 [FXGL Background Thread 1 ] DEBUG FXGLAssetLoaderServi - Loading from file system: jar:file:///C:/Users/Andrea/.m2/repository/com/github/almasb/fxgl/17.1/fxgl-17.1.jar!/fxglassets/textures/particles/trace_horizontal.png
15:27:58.480 [FXGL Background Thread 1 ] DEBUG GameApplicationServi - Application scenes initialized
15:27:58.489 [FXGL Background Thread 1 ] DEBUG SystemBundleService  - Loading FXGL system data
15:27:58.523 [FXGL Background Thread 1 ] DEBUG FileSystemAccess     - Reading from: W:\Programmazione\Java\Apps\ArcadeStation\ArcadeStation\system\fxgl.bundle
15:27:58.530 [FXGL Background Thread 1 ] DEBUG SystemBundleService  - Bundle FXGL: {}
15:27:58.530 [FXGL Background Thread 1 ] DEBUG UpdaterService       - Checking for updates
15:27:58.534 [FXGL Background Thread 1 ] DEBUG FXGLApplication      - Loading default localization
15:27:58.534 [FXGL Background Thread 1 ] DEBUG FXGLAssetLoaderServi - Loading from file system: jar:file:///C:/Users/Andrea/.m2/repository/com/github/almasb/fxgl/17.1/fxgl-17.1.jar!/fxglassets/languages/english.lang
15:27:58.540 [FXGL Background Thread 4 ] DEBUG FXGLApplication      - Loading fonts
15:27:58.540 [FXGL Background Thread 4 ] DEBUG FXGLAssetLoaderServi - Loading from file system: jar:file:///C:/Users/Andrea/.m2/repository/com/github/almasb/fxgl/17.1/fxgl-17.1.jar!/fxglassets/ui/fonts/VarelaRound-Regular.ttf
15:27:58.553 [FXGL Background Thread 1 ] INFO  FXGLApplication      - FXGL initialization took: 0,425 sec
15:27:58.560 [JavaFX Application Thread] DEBUG Input                - Registered new binding: action0 - W
15:27:58.561 [JavaFX Application Thread] DEBUG Input                - Registered new binding: action1 - A
15:27:58.561 [JavaFX Application Thread] DEBUG Input                - Registered new binding: action2 - S
15:27:58.561 [JavaFX Application Thread] DEBUG Input                - Registered new binding: action3 - D
15:27:58.562 [JavaFX Application Thread] DEBUG FXGLAssetLoaderServi - Loading from file system: jar:file:///C:/Users/Andrea/.m2/repository/com/github/almasb/fxgl/17.1/fxgl-17.1.jar!/fxglassets/textures/fxgl_icon.png
15:27:58.575 [JavaFX Application Thread] DEBUG FXGLAssetLoaderServi - Loading from file system: jar:file:///C:/Users/Andrea/.m2/repository/com/github/almasb/fxgl/17.1/fxgl-17.1.jar!/fxglassets/textures/fxgl_default_cursor.png
15:27:58.577 [JavaFX Application Thread] DEBUG Input                - Registered new binding: Screenshot - CTRL+8
15:27:58.577 [JavaFX Application Thread] DEBUG Input                - Registered new binding: System info dump - CTRL+9
15:27:58.577 [JavaFX Application Thread] DEBUG Input                - Registered new binding: Restart - CTRL+R
15:27:58.578 [JavaFX Application Thread] DEBUG Input                - Registered new binding: Toggle Debug Camera - CTRL+7
15:27:58.579 [JavaFX Application Thread] DEBUG LoopRunner           - Starting loop
15:27:58.579 [JavaFX Application Thread] DEBUG LoopRunner           - Initializing JavaFX AnimationTimerLoop
15:27:58.580 [JavaFX Application Thread] DEBUG GameApplicationServi - Starting new game
15:27:58.580 [JavaFX Application Thread] DEBUG Input                - Clearing active input actions
15:27:58.589 [JavaFX Application Thread] DEBUG GameApplicationServi - Removing overlay from FXGLStartupScene and adding to FXGLLoadingScene
15:27:58.590 [JavaFX Application Thread] DEBUG PrimaryStageWindow   - FXGLStartupScene -> FXGLLoadingScene
15:27:58.590 [JavaFX Application Thread] DEBUG GameApplicationServi - Clearing previous game
15:27:58.590 [JavaFX Application Thread] DEBUG GameScene            - Clearing game scene
15:27:58.590 [JavaFX Application Thread] DEBUG GameWorld            - Clearing game world
15:27:58.590 [JavaFX Application Thread] DEBUG PhysicsWorld         - Clearing physics world
15:27:58.617 [FXGL Background Thread 1 ] DEBUG FXGLApplication      - Initializing game
15:27:58.660 [FXGL Background Thread 1 ] INFO  FXGLApplication      - Game initialization took: 0,043 sec
15:27:58.691 [JavaFX Application Thread] DEBUG Input                - Clearing active input actions
15:27:58.697 [JavaFX Application Thread] DEBUG GameApplicationServi - Removing overlay from FXGLLoadingScene and adding to GameScene
15:27:58.697 [JavaFX Application Thread] DEBUG PrimaryStageWindow   - FXGLLoadingScene -> GameScene
15:27:58.879 [FXGL Background Thread 4 ] DEBUG FXGLAssetLoaderServi - Loading from file system: jar:file:///C:/Users/Andrea/.m2/repository/com/github/almasb/fxgl/17.1/fxgl-17.1.jar!/fxglassets/ui/fonts/Abel-Regular.ttf
15:27:58.898 [FXGL Background Thread 4 ] DEBUG FXGLAssetLoaderServi - Loading from file system: jar:file:///C:/Users/Andrea/.m2/repository/com/github/almasb/fxgl/17.1/fxgl-17.1.jar!/fxglassets/ui/fonts/TerminalLandMono-Regular.otf
15:27:58.906 [FXGL Background Thread 4 ] DEBUG FXGLAssetLoaderServi - Loading from file system: jar:file:///C:/Users/Andrea/.m2/repository/com/github/almasb/fxgl/17.1/fxgl-17.1.jar!/fxglassets/ui/fonts/Courier-Prime.ttf
15:27:58.918 [JavaFX Application Thread] DEBUG FXGLApplication      - Registering font factories with UI factory
15:27:59.209 [FXGL Background Thread 2 ] INFO  UpdaterService       - Your current version:  17.1
15:27:59.209 [FXGL Background Thread 2 ] INFO  UpdaterService       - Latest stable version: 17.3
15:28:01.119 [JavaFX Application Thread] DEBUG FXGLApplication      - Exiting FXGL
15:28:01.119 [JavaFX Application Thread] DEBUG LoopRunner           - Stopping loop
15:28:01.119 [JavaFX Application Thread] DEBUG SystemBundleService  - Saving FXGL system data
15:28:01.120 [JavaFX Application Thread] DEBUG FileSystemAccess     - Writing to: W:\Programmazione\Java\Apps\ArcadeStation\ArcadeStation\system\fxgl.bundle
15:28:01.122 [JavaFX Application Thread] DEBUG Async                - Shutting down background threads
15:28:01.122 [JavaFX Application Thread] DEBUG PrimaryStageWindow   - Closing main window
15:28:01.132 [JavaFX Application Thread] DEBUG Logger               - Closing Logger
